<?xml version="1.0" encoding="UTF-8"?>
<!-- Generated by org.testng.reporters.JUnitXMLReporter -->
<testsuite ignored="0" hostname="SRK" failures="0" tests="4" name="Test" time="0.085" errors="0" timestamp="21 Mar 2020 07:04:34 GMT">
  <testcase classname="bookone.Clock" name="main456" time="0.036"/>
  <testcase classname="bookone.Apple" name="main123" time="0.0"/>
  <testcase classname="demo.Sample" name="mainpqr" time="0.016"/>
  <testcase classname="demo.Grape" name="mainabc" time="0.0"/>
</testsuite> <!-- Test -->
