<?xml version="1.0" encoding="UTF-8"?>
<!-- Generated by org.testng.reporters.JUnitXMLReporter -->
<testsuite ignored="0" hostname="SRK" failures="0" tests="4" name="Test" time="56.63" errors="0" timestamp="21 Mar 2020 07:33:57 GMT">
  <testcase classname="bookone.Clock" name="main456" time="12.047"/>
  <testcase classname="bookone.Apple" name="main123" time="13.692"/>
  <testcase classname="demo.Sample" name="mainpqr" time="11.739"/>
  <testcase classname="demo.Grape" name="mainabc" time="19.109"/>
</testsuite> <!-- Test -->
