<?xml version="1.0" encoding="UTF-8"?>
<testng-results ignored="0" total="4" passed="4" failed="0" skipped="0">
  <reporter-output>
  </reporter-output>
  <suite started-at="2020-03-21T07:33:00Z" name="Suite" finished-at="2020-03-21T07:33:57Z" duration-ms="56630">
    <groups>
    </groups>
    <test started-at="2020-03-21T07:33:00Z" name="Test" finished-at="2020-03-21T07:33:57Z" duration-ms="56630">
      <class name="demo.Grape">
        <test-method signature="mainabc()[pri:0, instance:demo.Grape@37ceb1df]" started-at="2020-03-21T07:33:38Z" name="mainabc" finished-at="2020-03-21T07:33:57Z" duration-ms="19109" status="PASS">
          <reporter-output>
          </reporter-output>
        </test-method> <!-- mainabc -->
      </class> <!-- demo.Grape -->
      <class name="bookone.Clock">
        <test-method signature="main456()[pri:0, instance:bookone.Clock@2df3b89c]" started-at="2020-03-21T07:33:00Z" name="main456" finished-at="2020-03-21T07:33:12Z" duration-ms="12047" status="PASS">
          <reporter-output>
          </reporter-output>
        </test-method> <!-- main456 -->
      </class> <!-- bookone.Clock -->
      <class name="demo.Sample">
        <test-method signature="mainpqr()[pri:0, instance:demo.Sample@70325e14]" started-at="2020-03-21T07:33:26Z" name="mainpqr" finished-at="2020-03-21T07:33:38Z" duration-ms="11739" status="PASS">
          <reporter-output>
          </reporter-output>
        </test-method> <!-- mainpqr -->
      </class> <!-- demo.Sample -->
      <class name="bookone.Apple">
        <test-method signature="main123()[pri:0, instance:bookone.Apple@23348b5d]" started-at="2020-03-21T07:33:12Z" name="main123" finished-at="2020-03-21T07:33:26Z" duration-ms="13692" status="PASS">
          <reporter-output>
          </reporter-output>
        </test-method> <!-- main123 -->
      </class> <!-- bookone.Apple -->
    </test> <!-- Test -->
  </suite> <!-- Suite -->
</testng-results>
