<?xml version="1.0" encoding="UTF-8"?>
<testsuite xmlns:xsi="http://www.w3.org/2001/XMLSchema-instance" xsi:noNamespaceSchemaLocation="https://maven.apache.org/surefire/maven-surefire-plugin/xsd/surefire-test-report-3.0.xsd" version="3.0" name="TestSuite" time="57.456" tests="4" errors="0" skipped="0" failures="0">
  <properties>
[...]
</properties>
  <testcase name="main456" classname="bookone.Clock" time="12.048"/>
  <testcase name="main123" classname="bookone.Apple" time="13.695"/>
  <testcase name="mainpqr" classname="demo.Sample" time="11.737"/>
  <testcase name="mainabc" classname="demo.Grape" time="19.11"/>
</testsuite>