<?xml version="1.0" encoding="UTF-8"?>
<testng-results ignored="0" total="4" passed="4" failed="0" skipped="0">
  <reporter-output>
  </reporter-output>
  <suite started-at="2020-03-21T07:04:34Z" name="Suite" finished-at="2020-03-21T07:04:34Z" duration-ms="85">
    <groups>
    </groups>
    <test started-at="2020-03-21T07:04:34Z" name="Test" finished-at="2020-03-21T07:04:34Z" duration-ms="85">
      <class name="demo.Grape">
        <test-method signature="mainabc()[pri:0, instance:demo.Grape@17f7cd29]" started-at="2020-03-21T07:04:34Z" name="mainabc" finished-at="2020-03-21T07:04:34Z" duration-ms="0" status="PASS">
          <reporter-output>
          </reporter-output>
        </test-method> <!-- mainabc -->
      </class> <!-- demo.Grape -->
      <class name="bookone.Clock">
        <test-method signature="main456()[pri:0, instance:bookone.Clock@66d18979]" started-at="2020-03-21T07:04:34Z" name="main456" finished-at="2020-03-21T07:04:34Z" duration-ms="36" status="PASS">
          <reporter-output>
          </reporter-output>
        </test-method> <!-- main456 -->
      </class> <!-- bookone.Clock -->
      <class name="demo.Sample">
        <test-method signature="mainpqr()[pri:0, instance:demo.Sample@609cd4d8]" started-at="2020-03-21T07:04:34Z" name="mainpqr" finished-at="2020-03-21T07:04:34Z" duration-ms="16" status="PASS">
          <reporter-output>
          </reporter-output>
        </test-method> <!-- mainpqr -->
      </class> <!-- demo.Sample -->
      <class name="bookone.Apple">
        <test-method signature="main123()[pri:0, instance:bookone.Apple@bccb269]" started-at="2020-03-21T07:04:34Z" name="main123" finished-at="2020-03-21T07:04:34Z" duration-ms="0" status="PASS">
          <reporter-output>
          </reporter-output>
        </test-method> <!-- main123 -->
      </class> <!-- bookone.Apple -->
    </test> <!-- Test -->
  </suite> <!-- Suite -->
</testng-results>
